<?xml version="1.0" encoding="UTF-8"?>
<!-- Generated by org.testng.reporters.JUnitXMLReporter -->
<testsuite hostname="Juans-MacBook-Pro-2.local" ignored="0" name="Contact Form" tests="7" failures="0" timestamp="21 Apr 2020 17:35:22 GMT" time="59.094" errors="0">
  <testcase name="sendContactMessage" time="2.436" classname="tests.SendContactMessage"/>
  <testcase name="sendContactMessage" time="2.719" classname="tests.SendContactMessageWithInvalidEmail"/>
  <testcase name="sendContactMessage" time="3.317" classname="tests.SendContactMessageWithoutEmail"/>
  <testcase name="sendContactMessage" time="3.344" classname="tests.SendContactMessageWithoutMessage"/>
  <testcase name="sendContactMessage" time="3.515" classname="tests.SendContactMessageWithoutOrder"/>
  <testcase name="sendContactMessage" time="2.634" classname="tests.SendContactMessageWithoutHeading"/>
  <testcase name="sendContactMessage" time="2.532" classname="tests.SendContactMessageInvalidFile"/>
</testsuite> <!-- Contact Form -->
